
> vbe-demo@0.1.0 build-storybook
> storybook build --output-dir=/var/folders/bb/3h1gh1lx2z34f25rwfc02_ch0000gn/T/chromatic--93119-hM1F4vJkMSBk

@storybook/core v8.6.14

info => Cleaning outputDir: ../../../../../var/folders/bb/3h1gh1lx2z34f25rwfc02_ch0000gn/T/chromatic--93119-hM1F4vJkMSBk
info => Loading presets
info Found existing addon "@storybook/addon-viewport", skipping.
info Found existing addon "@storybook/addon-viewport", skipping.
info => Building manager..
WARN unable to find package.json for @mui/icons-material
info => Manager built ([38;2;181;126;229m53 ms[39m)
info => Building preview..
WARN No story files found for the specified pattern: theme/**/*.stories.@(ts|tsx|js|jsx)
WARN No story files found for the specified pattern: context/**/*.stories.@(ts|tsx|js|jsx)
info Addon-docs: using MDX3
info => Using implicit CSS loaders
info => Using default Webpack5 setup
info Using tsconfig paths for react-docgen
[38;2;241;97;97mModule parse failed: Unexpected token (16:6)
You may need an appropriate loader to handle this file type, currently no loaders are configured to process this file. See https://webpack.js.org/concepts#loaders
| 
|     return (
>       <ThemeProvider theme={theme}>
|         <CssBaseline />
|         <Story />[39m
[38;2;241;97;97mModule parse failed: Unexpected token (3:10)
File was processed with these loaders:
 * ./node_modules/@storybook/csf-plugin/dist/webpack-loader.js
 * ./node_modules/@storybook/builder-webpack5/dist/loaders/export-order-loader.js
You may need an additional loader to handle the result of these loaders.
| import { Meta, StoryObj } from '@storybook/react';
| import { Breadcrumb } from './Breadcrumb';
> const meta: Meta<typeof Breadcrumb> = {
|   title: 'Components/Breadcrumb',
|   component: Breadcrumb,[39m
[38;2;241;97;97mModule parse failed: Unexpected token (3:10)
File was processed with these loaders:
 * ./node_modules/@storybook/csf-plugin/dist/webpack-loader.js
 * ./node_modules/@storybook/builder-webpack5/dist/loaders/export-order-loader.js
You may need an additional loader to handle the result of these loaders.
| import { Meta, StoryObj } from '@storybook/react';
| import { SideNav } from './SideNav';
> const meta: Meta<typeof SideNav> = {
|   title: 'Components/SideNav',
|   component: SideNav,[39m
[38;2;241;97;97mModule parse failed: Unexpected token (3:10)
File was processed with these loaders:
 * ./node_modules/@storybook/csf-plugin/dist/webpack-loader.js
 * ./node_modules/@storybook/builder-webpack5/dist/loaders/export-order-loader.js
You may need an additional loader to handle the result of these loaders.
| import { Button } from '@mui/material';
| import { Meta, StoryObj } from '@storybook/react';
> const meta: Meta<typeof Button> = {
|   title: 'Primitives/Button',
|   component: Button,[39m
[38;2;241;97;97m=> Failed to build the preview[39m
[38;2;241;97;97mSB_BUILDER-WEBPACK5_0003 (WebpackCompilationError): There were problems when compiling your code with Webpack.
Run Storybook with --debug-webpack for more information.[39m
    at ./node_modules/@storybook/builder-webpack5/dist/index.js:1:25403
    at ./node_modules/webpack/lib/HookWebpackError.js:66:2
    at Hook.eval [as callAsync] (eval at create (./node_modules/tapable/lib/HookCodeFactory.js:31:10), <anonymous>:11:1)
    at Hook.CALL_ASYNC_DELEGATE [as _callAsync] (./node_modules/tapable/lib/Hook.js:21:14)
    at Cache.shutdown (./node_modules/webpack/lib/Cache.js:157:23)
    at ./node_modules/webpack/lib/Compiler.js:1407:15
    at Hook.eval [as callAsync] (eval at create (./node_modules/tapable/lib/HookCodeFactory.js:31:10), <anonymous>:6:1)
    at Hook.CALL_ASYNC_DELEGATE [as _callAsync] (./node_modules/tapable/lib/Hook.js:21:14)
    at Compiler.close (./node_modules/webpack/lib/Compiler.js:1400:23)
    at ./node_modules/@storybook/builder-webpack5/dist/index.js:1:25388
    at finalCallback (./node_modules/webpack/lib/Compiler.js:519:32)
    at ./node_modules/webpack/lib/Compiler.js:543:13
    at Hook.eval [as callAsync] (eval at create (./node_modules/tapable/lib/HookCodeFactory.js:31:10), <anonymous>:23:1)
    at Hook.CALL_ASYNC_DELEGATE [as _callAsync] (./node_modules/tapable/lib/Hook.js:21:14)
    at onCompiled (./node_modules/webpack/lib/Compiler.js:541:21)
    at ./node_modules/webpack/lib/Compiler.js:1378:17
    at eval (eval at create (./node_modules/tapable/lib/HookCodeFactory.js:31:10), <anonymous>:13:1)
    at process.processTicksAndRejections (node:internal/process/task_queues:95:5)
info Found existing addon "@storybook/addon-viewport", skipping.
